<?xml version="1.0" encoding="UTF-8"?>
<!-- Generated by org.testng.reporters.JUnitXMLReporter -->
<testsuite ignored="0" hostname="DESKTOP-B5ASV1L" failures="0" tests="3" name="Default test" time="157.81" errors="0" timestamp="04 Dec 2020 06:18:54 GMT">
  <testcase classname="testcase.MobileTest" name="TC_01" time="24.895"/>
  <testcase classname="testcase.MobileTest" name="TC_02" time="17.298"/>
  <testcase classname="testcase.MobileTest" name="TC_03" time="53.033"/>
</testsuite> <!-- Default test -->
