<?xml version="1.0" encoding="UTF-8"?>
<testng-results ignored="0" total="3" passed="3" failed="0" skipped="0">
  <reporter-output>
  </reporter-output>
  <suite started-at="2020-12-04T06:16:16Z" name="Default suite" finished-at="2020-12-04T06:18:54Z" duration-ms="157810">
    <groups>
    </groups>
    <test started-at="2020-12-04T06:16:16Z" name="Default test" finished-at="2020-12-04T06:18:54Z" duration-ms="157810">
      <class name="testcase.MobileTest">
        <test-method is-config="true" signature="openApp()[pri:0, instance:testcase.MobileTest@610f7aa]" started-at="2020-12-04T06:16:16Z" name="openApp" finished-at="2020-12-04T06:16:37Z" duration-ms="20941" status="PASS">
          <reporter-output>
          </reporter-output>
        </test-method> <!-- openApp -->
        <test-method signature="TC_01()[pri:0, instance:testcase.MobileTest@610f7aa]" started-at="2020-12-04T06:16:37Z" name="TC_01" finished-at="2020-12-04T06:17:02Z" duration-ms="24895" status="PASS">
          <reporter-output>
          </reporter-output>
        </test-method> <!-- TC_01 -->
        <test-method is-config="true" signature="exitApp()[pri:0, instance:testcase.MobileTest@610f7aa]" started-at="2020-12-04T06:17:02Z" name="exitApp" finished-at="2020-12-04T06:17:02Z" duration-ms="280" status="PASS">
          <reporter-output>
          </reporter-output>
        </test-method> <!-- exitApp -->
        <test-method is-config="true" signature="openApp()[pri:0, instance:testcase.MobileTest@610f7aa]" started-at="2020-12-04T06:17:02Z" name="openApp" finished-at="2020-12-04T06:17:22Z" duration-ms="19889" status="PASS">
          <reporter-output>
          </reporter-output>
        </test-method> <!-- openApp -->
        <test-method signature="TC_02()[pri:0, instance:testcase.MobileTest@610f7aa]" started-at="2020-12-04T06:17:22Z" name="TC_02" finished-at="2020-12-04T06:17:39Z" duration-ms="17298" status="PASS">
          <reporter-output>
          </reporter-output>
        </test-method> <!-- TC_02 -->
        <test-method is-config="true" signature="exitApp()[pri:0, instance:testcase.MobileTest@610f7aa]" started-at="2020-12-04T06:17:39Z" name="exitApp" finished-at="2020-12-04T06:17:40Z" duration-ms="388" status="PASS">
          <reporter-output>
          </reporter-output>
        </test-method> <!-- exitApp -->
        <test-method is-config="true" signature="openApp()[pri:0, instance:testcase.MobileTest@610f7aa]" started-at="2020-12-04T06:17:40Z" name="openApp" finished-at="2020-12-04T06:18:01Z" duration-ms="20761" status="PASS">
          <reporter-output>
          </reporter-output>
        </test-method> <!-- openApp -->
        <test-method signature="TC_03()[pri:0, instance:testcase.MobileTest@610f7aa]" started-at="2020-12-04T06:18:01Z" name="TC_03" finished-at="2020-12-04T06:18:54Z" duration-ms="53033" status="PASS">
          <reporter-output>
          </reporter-output>
        </test-method> <!-- TC_03 -->
        <test-method is-config="true" signature="exitApp()[pri:0, instance:testcase.MobileTest@610f7aa]" started-at="2020-12-04T06:18:54Z" name="exitApp" finished-at="2020-12-04T06:18:54Z" duration-ms="304" status="PASS">
          <reporter-output>
          </reporter-output>
        </test-method> <!-- exitApp -->
      </class> <!-- testcase.MobileTest -->
    </test> <!-- Default test -->
  </suite> <!-- Default suite -->
</testng-results>
